# JRE version: Java(TM) SE Runtime Environment 18.9 (11.0.8+10) (build 11.0.8+10-LTS)
# Java VM: Java HotSpot(TM) 64-Bit Server VM 18.9 (11.0.8+10-LTS, mixed mode, tiered, compressed oops, parallel gc, bsd-amd64)
Heap:
 PSYoungGen      total 5120K, used 4800K [0x00000007eab00000, 0x00000007eb500000, 0x0000000800000000)
  eden space 4608K, 100% used [0x00000007eab00000,0x00000007eaf80000,0x00000007eaf80000)
  from space 512K, 37% used [0x00000007eb400000,0x00000007eb430000,0x00000007eb480000)
  to   space 512K, 12% used [0x00000007eb480000,0x00000007eb490000,0x00000007eb500000)
 ParOldGen       total 159232K, used 155596K [0x00000007c0000000, 0x00000007c9b80000, 0x00000007eab00000)
  object space 159232K, 97% used [0x00000007c0000000,0x00000007c97f3018,0x00000007c9b80000)
 Metaspace       used 77470K, capacity 80578K, committed 81240K, reserved 1122304K
  class space    used 6973K, capacity 8187K, committed 8320K, reserved 1048576K
GC Heap History (10 events):
Event: 42429.962 GC heap before
{Heap before GC invocations=1118 (full 29):
 PSYoungGen      total 8192K, used 4832K [0x00000007eab00000, 0x00000007eb600000, 0x0000000800000000)
  eden space 4608K, 100% used [0x00000007eab00000,0x00000007eaf80000,0x00000007eaf80000)
  from space 3584K, 6% used [0x00000007eb080000,0x00000007eb0b8000,0x00000007eb400000)
  to   space 1536K, 0% used [0x00000007eb480000,0x00000007eb480000,0x00000007eb600000)
 ParOldGen       total 159232K, used 155136K [0x00000007c0000000, 0x00000007c9b80000, 0x00000007eab00000)
  object space 159232K, 97% used [0x00000007c0000000,0x00000007c97802b8,0x00000007c9b80000)
 Metaspace       used 77466K, capacity 80578K, committed 81240K, reserved 1122304K
  class space    used 6973K, capacity 8187K, committed 8320K, reserved 1048576K
}
Event: 42429.963 GC heap after
{Heap after GC invocations=1118 (full 29):
 PSYoungGen      total 5120K, used 128K [0x00000007eab00000, 0x00000007eb500000, 0x0000000800000000)
  eden space 4608K, 0% used [0x00000007eab00000,0x00000007eab00000,0x00000007eaf80000)
  from space 512K, 25% used [0x00000007eb480000,0x00000007eb4a0000,0x00000007eb500000)
  to   space 512K, 0% used [0x00000007eb400000,0x00000007eb400000,0x00000007eb480000)
 ParOldGen       total 159232K, used 155176K [0x00000007c0000000, 0x00000007c9b80000, 0x00000007eab00000)
  object space 159232K, 97% used [0x00000007c0000000,0x00000007c978a2b8,0x00000007c9b80000)
 Metaspace       used 77466K, capacity 80578K, committed 81240K, reserved 1122304K
  class space    used 6973K, capacity 8187K, committed 8320K, reserved 1048576K
}
Event: 42429.985 GC heap before
{Heap before GC invocations=1119 (full 29):
 PSYoungGen      total 5120K, used 4736K [0x00000007eab00000, 0x00000007eb500000, 0x0000000800000000)
  eden space 4608K, 100% used [0x00000007eab00000,0x00000007eaf80000,0x00000007eaf80000)
  from space 512K, 25% used [0x00000007eb480000,0x00000007eb4a0000,0x00000007eb500000)
  to   space 512K, 0% used [0x00000007eb400000,0x00000007eb400000,0x00000007eb480000)
 ParOldGen       total 159232K, used 155176K [0x00000007c0000000, 0x00000007c9b80000, 0x00000007eab00000)
  object space 159232K, 97% used [0x00000007c0000000,0x00000007c978a2b8,0x00000007c9b80000)
 Metaspace       used 77467K, capacity 80578K, committed 81240K, reserved 1122304K
  class space    used 6973K, capacity 8187K, committed 8320K, reserved 1048576K
}
Event: 42429.989 GC heap after
{Heap after GC invocations=1119 (full 29):
 PSYoungGen      total 5120K, used 160K [0x00000007eab00000, 0x00000007eb500000, 0x0000000800000000)
  eden space 4608K, 0% used [0x00000007eab00000,0x00000007eab00000,0x00000007eaf80000)
  from space 512K, 31% used [0x00000007eb400000,0x00000007eb428000,0x00000007eb480000)
  to   space 512K, 0% used [0x00000007eb480000,0x00000007eb480000,0x00000007eb500000)
 ParOldGen       total 159232K, used 155200K [0x00000007c0000000, 0x00000007c9b80000, 0x00000007eab00000)
  object space 159232K, 97% used [0x00000007c0000000,0x00000007c97902b8,0x00000007c9b80000)
 Metaspace       used 77467K, capacity 80578K, committed 81240K, reserved 1122304K
  class space    used 6973K, capacity 8187K, committed 8320K, reserved 1048576K
}
Event: 42430.007 GC heap before
{Heap before GC invocations=1120 (full 29):
 PSYoungGen      total 5120K, used 4768K [0x00000007eab00000, 0x00000007eb500000, 0x0000000800000000)
  eden space 4608K, 100% used [0x00000007eab00000,0x00000007eaf80000,0x00000007eaf80000)
  from space 512K, 31% used [0x00000007eb400000,0x00000007eb428000,0x00000007eb480000)
  to   space 512K, 0% used [0x00000007eb480000,0x00000007eb480000,0x00000007eb500000)
 ParOldGen       total 159232K, used 155200K [0x00000007c0000000, 0x00000007c9b80000, 0x00000007eab00000)
  object space 159232K, 97% used [0x00000007c0000000,0x00000007c97902b8,0x00000007c9b80000)
 Metaspace       used 77467K, capacity 80578K, committed 81240K, reserved 1122304K
  class space    used 6973K, capacity 8187K, committed 8320K, reserved 1048576K
}
Event: 42430.010 GC heap after
{Heap after GC invocations=1120 (full 29):
 PSYoungGen      total 5120K, used 96K [0x00000007eab00000, 0x00000007eb500000, 0x0000000800000000)
  eden space 4608K, 0% used [0x00000007eab00000,0x00000007eab00000,0x00000007eaf80000)
  from space 512K, 18% used [0x00000007eb480000,0x00000007eb498000,0x00000007eb500000)
  to   space 512K, 0% used [0x00000007eb400000,0x00000007eb400000,0x00000007eb480000)
 ParOldGen       total 159232K, used 155303K [0x00000007c0000000, 0x00000007c9b80000, 0x00000007eab00000)
  object space 159232K, 97% used [0x00000007c0000000,0x00000007c97a9ff8,0x00000007c9b80000)
 Metaspace       used 77467K, capacity 80578K, committed 81240K, reserved 1122304K
  class space    used 6973K, capacity 8187K, committed 8320K, reserved 1048576K
}
Event: 42739.304 GC heap before
{Heap before GC invocations=1121 (full 29):
 PSYoungGen      total 5120K, used 4704K [0x00000007eab00000, 0x00000007eb500000, 0x0000000800000000)
  eden space 4608K, 100% used [0x00000007eab00000,0x00000007eaf80000,0x00000007eaf80000)
  from space 512K, 18% used [0x00000007eb480000,0x00000007eb498000,0x00000007eb500000)
  to   space 512K, 0% used [0x00000007eb400000,0x00000007eb400000,0x00000007eb480000)
 ParOldGen       total 159232K, used 155303K [0x00000007c0000000, 0x00000007c9b80000, 0x00000007eab00000)
  object space 159232K, 97% used [0x00000007c0000000,0x00000007c97a9ff8,0x00000007c9b80000)
 Metaspace       used 77467K, capacity 80578K, committed 81240K, reserved 1122304K
  class space    used 6973K, capacity 8187K, committed 8320K, reserved 1048576K
}
Event: 42739.305 GC heap after
{Heap after GC invocations=1121 (full 29):
 PSYoungGen      total 5120K, used 192K [0x00000007eab00000, 0x00000007eb500000, 0x0000000800000000)
  eden space 4608K, 0% used [0x00000007eab00000,0x00000007eab00000,0x00000007eaf80000)
  from space 512K, 37% used [0x00000007eb400000,0x00000007eb430010,0x00000007eb480000)
  to   space 512K, 0% used [0x00000007eb480000,0x00000007eb480000,0x00000007eb500000)
 ParOldGen       total 159232K, used 155311K [0x00000007c0000000, 0x00000007c9b80000, 0x00000007eab00000)
  object space 159232K, 97% used [0x00000007c0000000,0x00000007c97abff8,0x00000007c9b80000)
 Metaspace       used 77467K, capacity 80578K, committed 81240K, reserved 1122304K
  class space    used 6973K, capacity 8187K, committed 8320K, reserved 1048576K
}
Event: 42739.327 GC heap before
{Heap before GC invocations=1122 (full 29):
 PSYoungGen      total 5120K, used 4800K [0x00000007eab00000, 0x00000007eb500000, 0x0000000800000000)
  eden space 4608K, 100% used [0x00000007eab00000,0x00000007eaf80000,0x00000007eaf80000)
  from space 512K, 37% used [0x00000007eb400000,0x00000007eb430010,0x00000007eb480000)
  to   space 512K, 0% used [0x00000007eb480000,0x00000007eb480000,0x00000007eb500000)
 ParOldGen       total 159232K, used 155311K [0x00000007c0000000, 0x00000007c9b80000, 0x00000007eab00000)
  object space 159232K, 97% used [0x00000007c0000000,0x00000007c97abff8,0x00000007c9b80000)
 Metaspace       used 77468K, capacity 80578K, committed 81240K, reserved 1122304K
  class space    used 6973K, capacity 8187K, committed 8320K, reserved 1048576K
}
Event: 42739.328 GC heap after
{Heap after GC invocations=1122 (full 29):
 PSYoungGen      total 5120K, used 160K [0x00000007eab00000, 0x00000007eb500000, 0x0000000800000000)
  eden space 4608K, 0% used [0x00000007eab00000,0x00000007eab00000,0x00000007eaf80000)
  from space 512K, 31% used [0x00000007eb480000,0x00000007eb4a8000,0x00000007eb500000)
  to   space 512K, 0% used [0x00000007eb400000,0x00000007eb400000,0x00000007eb480000)
 ParOldGen       total 159232K, used 155436K [0x00000007c0000000, 0x00000007c9b80000, 0x00000007eab00000)
  object space 159232K, 97% used [0x00000007c0000000,0x00000007c97cb018,0x00000007c9b80000)
 Metaspace       used 77468K, capacity 80578K, committed 81240K, reserved 1122304K
  class space    used 6973K, capacity 8187K, committed 8320K, reserved 1048576K
}

