# JRE version: Java(TM) SE Runtime Environment 18.9 (11.0.8+10) (build 11.0.8+10-LTS)
# Java VM: Java HotSpot(TM) 64-Bit Server VM 18.9 (11.0.8+10-LTS, mixed mode, tiered, compressed oops, parallel gc, bsd-amd64)
Heap:
 PSYoungGen      total 10752K, used 8782K [0x00000007eab00000, 0x00000007eba80000, 0x0000000800000000)
  eden space 10240K, 81% used [0x00000007eab00000,0x00000007eb32b9b8,0x00000007eb500000)
  from space 512K, 81% used [0x00000007eb880000,0x00000007eb8e8030,0x00000007eb900000)
  to   space 1024K, 0% used [0x00000007eb980000,0x00000007eb980000,0x00000007eba80000)
 ParOldGen       total 209920K, used 196885K [0x00000007c0000000, 0x00000007ccd00000, 0x00000007eab00000)
  object space 209920K, 93% used [0x00000007c0000000,0x00000007cc045580,0x00000007ccd00000)
 Metaspace       used 90921K, capacity 94991K, committed 95448K, reserved 1134592K
  class space    used 8167K, capacity 9431K, committed 9472K, reserved 1048576K
GC Heap History (10 events):
Event: 23432.072 GC heap before
{Heap before GC invocations=3701 (full 103):
 PSYoungGen      total 16896K, used 16298K [0x00000007eab00000, 0x00000007ec300000, 0x0000000800000000)
  eden space 10240K, 100% used [0x00000007eab00000,0x00000007eb500000,0x00000007eb500000)
  from space 6656K, 91% used [0x00000007ebc80000,0x00000007ec26ab18,0x00000007ec300000)
  to   space 7168K, 0% used [0x00000007eb500000,0x00000007eb500000,0x00000007ebc00000)
 ParOldGen       total 209920K, used 184459K [0x00000007c0000000, 0x00000007ccd00000, 0x00000007eab00000)
  object space 209920K, 87% used [0x00000007c0000000,0x00000007cb422f80,0x00000007ccd00000)
 Metaspace       used 90895K, capacity 94990K, committed 95448K, reserved 1134592K
  class space    used 8167K, capacity 9431K, committed 9472K, reserved 1048576K
}
Event: 23432.087 GC heap after
{Heap after GC invocations=3701 (full 103):
 PSYoungGen      total 13824K, used 3189K [0x00000007eab00000, 0x00000007ec000000, 0x0000000800000000)
  eden space 10240K, 0% used [0x00000007eab00000,0x00000007eab00000,0x00000007eb500000)
  from space 3584K, 89% used [0x00000007eb500000,0x00000007eb81d710,0x00000007eb880000)
  to   space 4608K, 0% used [0x00000007ebb80000,0x00000007ebb80000,0x00000007ec000000)
 ParOldGen       total 209920K, used 189377K [0x00000007c0000000, 0x00000007ccd00000, 0x00000007eab00000)
  object space 209920K, 90% used [0x00000007c0000000,0x00000007cb8f0630,0x00000007ccd00000)
 Metaspace       used 90895K, capacity 94990K, committed 95448K, reserved 1134592K
  class space    used 8167K, capacity 9431K, committed 9472K, reserved 1048576K
}
Event: 23432.129 GC heap before
{Heap before GC invocations=3702 (full 103):
 PSYoungGen      total 13824K, used 13429K [0x00000007eab00000, 0x00000007ec000000, 0x0000000800000000)
  eden space 10240K, 100% used [0x00000007eab00000,0x00000007eb500000,0x00000007eb500000)
  from space 3584K, 89% used [0x00000007eb500000,0x00000007eb81d710,0x00000007eb880000)
  to   space 4608K, 0% used [0x00000007ebb80000,0x00000007ebb80000,0x00000007ec000000)
 ParOldGen       total 209920K, used 189377K [0x00000007c0000000, 0x00000007ccd00000, 0x00000007eab00000)
  object space 209920K, 90% used [0x00000007c0000000,0x00000007cb8f0630,0x00000007ccd00000)
 Metaspace       used 90895K, capacity 94990K, committed 95448K, reserved 1134592K
  class space    used 8167K, capacity 9431K, committed 9472K, reserved 1048576K
}
Event: 23432.135 GC heap after
{Heap after GC invocations=3702 (full 103):
 PSYoungGen      total 12288K, used 1880K [0x00000007eab00000, 0x00000007ebd80000, 0x0000000800000000)
  eden space 10240K, 0% used [0x00000007eab00000,0x00000007eab00000,0x00000007eb500000)
  from space 2048K, 91% used [0x00000007ebb80000,0x00000007ebd56360,0x00000007ebd80000)
  to   space 3072K, 0% used [0x00000007eb780000,0x00000007eb780000,0x00000007eba80000)
 ParOldGen       total 209920K, used 192457K [0x00000007c0000000, 0x00000007ccd00000, 0x00000007eab00000)
  object space 209920K, 91% used [0x00000007c0000000,0x00000007cbbf25a0,0x00000007ccd00000)
 Metaspace       used 90895K, capacity 94990K, committed 95448K, reserved 1134592K
  class space    used 8167K, capacity 9431K, committed 9472K, reserved 1048576K
}
Event: 23432.176 GC heap before
{Heap before GC invocations=3703 (full 103):
 PSYoungGen      total 12288K, used 12120K [0x00000007eab00000, 0x00000007ebd80000, 0x0000000800000000)
  eden space 10240K, 100% used [0x00000007eab00000,0x00000007eb500000,0x00000007eb500000)
  from space 2048K, 91% used [0x00000007ebb80000,0x00000007ebd56360,0x00000007ebd80000)
  to   space 3072K, 0% used [0x00000007eb780000,0x00000007eb780000,0x00000007eba80000)
 ParOldGen       total 209920K, used 192457K [0x00000007c0000000, 0x00000007ccd00000, 0x00000007eab00000)
  object space 209920K, 91% used [0x00000007c0000000,0x00000007cbbf25a0,0x00000007ccd00000)
 Metaspace       used 90898K, capacity 94990K, committed 95448K, reserved 1134592K
  class space    used 8167K, capacity 9431K, committed 9472K, reserved 1048576K
}
Event: 23432.181 GC heap after
{Heap after GC invocations=3703 (full 103):
 PSYoungGen      total 12288K, used 1680K [0x00000007eab00000, 0x00000007ebc00000, 0x0000000800000000)
  eden space 10240K, 0% used [0x00000007eab00000,0x00000007eab00000,0x00000007eb500000)
  from space 2048K, 82% used [0x00000007eb780000,0x00000007eb924010,0x00000007eb980000)
  to   space 2048K, 0% used [0x00000007eba00000,0x00000007eba00000,0x00000007ebc00000)
 ParOldGen       total 209920K, used 194229K [0x00000007c0000000, 0x00000007ccd00000, 0x00000007eab00000)
  object space 209920K, 92% used [0x00000007c0000000,0x00000007cbdad720,0x00000007ccd00000)
 Metaspace       used 90898K, capacity 94990K, committed 95448K, reserved 1134592K
  class space    used 8167K, capacity 9431K, committed 9472K, reserved 1048576K
}
Event: 23433.273 GC heap before
{Heap before GC invocations=3704 (full 103):
 PSYoungGen      total 12288K, used 11920K [0x00000007eab00000, 0x00000007ebc00000, 0x0000000800000000)
  eden space 10240K, 100% used [0x00000007eab00000,0x00000007eb500000,0x00000007eb500000)
  from space 2048K, 82% used [0x00000007eb780000,0x00000007eb924010,0x00000007eb980000)
  to   space 2048K, 0% used [0x00000007eba00000,0x00000007eba00000,0x00000007ebc00000)
 ParOldGen       total 209920K, used 194229K [0x00000007c0000000, 0x00000007ccd00000, 0x00000007eab00000)
  object space 209920K, 92% used [0x00000007c0000000,0x00000007cbdad720,0x00000007ccd00000)
 Metaspace       used 90906K, capacity 94990K, committed 95448K, reserved 1134592K
  class space    used 8167K, capacity 9431K, committed 9472K, reserved 1048576K
}
Event: 23433.277 GC heap after
{Heap after GC invocations=3704 (full 103):
 PSYoungGen      total 11776K, used 1200K [0x00000007eab00000, 0x00000007ebb80000, 0x0000000800000000)
  eden space 10240K, 0% used [0x00000007eab00000,0x00000007eab00000,0x00000007eb500000)
  from space 1536K, 78% used [0x00000007eba00000,0x00000007ebb2c010,0x00000007ebb80000)
  to   space 1536K, 0% used [0x00000007eb880000,0x00000007eb880000,0x00000007eba00000)
 ParOldGen       total 209920K, used 195845K [0x00000007c0000000, 0x00000007ccd00000, 0x00000007eab00000)
  object space 209920K, 93% used [0x00000007c0000000,0x00000007cbf41740,0x00000007ccd00000)
 Metaspace       used 90906K, capacity 94990K, committed 95448K, reserved 1134592K
  class space    used 8167K, capacity 9431K, committed 9472K, reserved 1048576K
}
Event: 23454.939 GC heap before
{Heap before GC invocations=3705 (full 103):
 PSYoungGen      total 11776K, used 11440K [0x00000007eab00000, 0x00000007ebb80000, 0x0000000800000000)
  eden space 10240K, 100% used [0x00000007eab00000,0x00000007eb500000,0x00000007eb500000)
  from space 1536K, 78% used [0x00000007eba00000,0x00000007ebb2c010,0x00000007ebb80000)
  to   space 1536K, 0% used [0x00000007eb880000,0x00000007eb880000,0x00000007eba00000)
 ParOldGen       total 209920K, used 195845K [0x00000007c0000000, 0x00000007ccd00000, 0x00000007eab00000)
  object space 209920K, 93% used [0x00000007c0000000,0x00000007cbf41740,0x00000007ccd00000)
 Metaspace       used 90916K, capacity 94990K, committed 95448K, reserved 1134592K
  class space    used 8167K, capacity 9431K, committed 9472K, reserved 1048576K
}
Event: 23454.945 GC heap after
{Heap after GC invocations=3705 (full 103):
 PSYoungGen      total 10752K, used 416K [0x00000007eab00000, 0x00000007eba80000, 0x0000000800000000)
  eden space 10240K, 0% used [0x00000007eab00000,0x00000007eab00000,0x00000007eb500000)
  from space 512K, 81% used [0x00000007eb880000,0x00000007eb8e8030,0x00000007eb900000)
  to   space 1024K, 0% used [0x00000007eb980000,0x00000007eb980000,0x00000007eba80000)
 ParOldGen       total 209920K, used 196885K [0x00000007c0000000, 0x00000007ccd00000, 0x00000007eab00000)
  object space 209920K, 93% used [0x00000007c0000000,0x00000007cc045580,0x00000007ccd00000)
 Metaspace       used 90916K, capacity 94990K, committed 95448K, reserved 1134592K
  class space    used 8167K, capacity 9431K, committed 9472K, reserved 1048576K
}

